<?xml version="1.0" ?>
<coverage version="7.4.4" timestamp="1741268526796" lines-valid="42" lines-covered="32" line-rate="0.7619" branches-valid="14" branches-covered="12" branch-rate="0.8571" complexity="0">
	<!-- Generated by coverage.py: https://coverage.readthedocs.io/en/7.4.4 -->
	<!-- Based on https://raw.githubusercontent.com/cobertura/web/master/htdocs/xml/coverage-04.dtd -->
	<sources>
		<source>/home/ubuntu/G4_coursework1</source>
	</sources>
	<packages>
		<package name="src" line-rate="0.7619" branch-rate="0.8571" complexity="0">
			<classes>
				<class name="Dec2Hex.py" filename="src/Dec2Hex.py" complexity="0" line-rate="0.7619" branch-rate="0.8571">
					<methods/>
					<lines>
						<line number="1" hits="1"/>
						<line number="3" hits="1"/>
						<line number="4" hits="1"/>
						<line number="5" hits="1"/>
						<line number="6" hits="1"/>
						<line number="8" hits="1" branch="true" condition-coverage="100% (2/2)"/>
						<line number="9" hits="1"/>
						<line number="11" hits="1"/>
						<line number="13" hits="1" branch="true" condition-coverage="100% (2/2)"/>
						<line number="14" hits="1"/>
						<line number="16" hits="1" branch="true" condition-coverage="100% (2/2)"/>
						<line number="17" hits="1"/>
						<line number="18" hits="1"/>
						<line number="19" hits="1"/>
						<line number="21" hits="1" branch="true" condition-coverage="100% (2/2)"/>
						<line number="22" hits="1"/>
						<line number="24" hits="1" branch="true" condition-coverage="100% (2/2)"/>
						<line number="25" hits="1"/>
						<line number="27" hits="1"/>
						<line number="28" hits="1"/>
						<line number="30" hits="1"/>
						<line number="31" hits="1"/>
						<line number="32" hits="1"/>
						<line number="33" hits="1"/>
						<line number="34" hits="1" branch="true" condition-coverage="100% (2/2)"/>
						<line number="35" hits="1"/>
						<line number="36" hits="1"/>
						<line number="38" hits="1"/>
						<line number="39" hits="1"/>
						<line number="40" hits="1"/>
						<line number="41" hits="1"/>
						<line number="44" hits="1"/>
						<line number="46" hits="0" branch="true" condition-coverage="0% (0/2)" missing-branches="47,48"/>
						<line number="47" hits="0"/>
						<line number="48" hits="0"/>
						<line number="49" hits="0"/>
						<line number="50" hits="0"/>
						<line number="51" hits="0"/>
						<line number="52" hits="0"/>
						<line number="54" hits="0"/>
						<line number="55" hits="0"/>
						<line number="56" hits="0"/>
					</lines>
				</class>
			</classes>
		</package>
	</packages>
</coverage>
